0 info it worked if it ends with ok
1 verbose cli [ '/usr/local/Cellar/node/5.3.0/bin/node',
1 verbose cli   '/usr/local/bin/npm',
1 verbose cli   'start' ]
2 info using npm@3.3.12
3 info using node@v5.3.0
4 verbose run-script [ 'prestart', 'start', 'poststart' ]
5 info lifecycle react-skeleton2@1.0.0~prestart: react-skeleton2@1.0.0
6 silly lifecycle react-skeleton2@1.0.0~prestart: no script for prestart, continuing
7 info lifecycle react-skeleton2@1.0.0~start: react-skeleton2@1.0.0
8 verbose lifecycle react-skeleton2@1.0.0~start: unsafe-perm in lifecycle true
9 verbose lifecycle react-skeleton2@1.0.0~start: PATH: /usr/local/lib/node_modules/npm/bin/node-gyp-bin:/Users/dankreiger/Desktop/react-skeleton2/node_modules/.bin:/usr/local/heroku/bin:/usr/local/mysql/bin:/usr/local/bin:/Users/dankreiger/.rbenv/bin:/Users/dankreiger/.rbenv/shims:/Users/dankreiger/.rbenv/shims:/usr/local/bin:/usr/bin:/bin:/usr/sbin:/sbin:/opt/X11/bin:/opt/ImageMagick/bin:/Users/dankreiger/.rbenv/bin:/Users/dankreiger/.rbenv/shims:/usr/local/mysql/bin:/usr/local/bin:/Users/dankreiger/.rbenv/bin:/Users/dankreiger/.rbenv/shims:/Users/dankreiger/.rbenv/shims:/usr/local/bin:/usr/bin:/bin:/usr/sbin:/sbin:/opt/X11/bin:/opt/ImageMagick/bin
10 verbose lifecycle react-skeleton2@1.0.0~start: CWD: /Users/dankreiger/Desktop/react-skeleton2
11 silly lifecycle react-skeleton2@1.0.0~start: Args: [ '-c',
11 silly lifecycle   '"watchify src/main.jsx -v -t [babelify --presets [ react ] ] -o public/js/main.js"' ]
12 info lifecycle react-skeleton2@1.0.0~start: Failed to exec start script
13 verbose stack Error: react-skeleton2@1.0.0 start: `"watchify src/main.jsx -v -t [babelify --presets [ react ] ] -o public/js/main.js"`
13 verbose stack spawn ENOENT
13 verbose stack     at ChildProcess.<anonymous> (/usr/local/lib/node_modules/npm/lib/utils/spawn.js:17:16)
13 verbose stack     at emitTwo (events.js:87:13)
13 verbose stack     at ChildProcess.emit (events.js:172:7)
13 verbose stack     at maybeClose (internal/child_process.js:818:16)
13 verbose stack     at Process.ChildProcess._handle.onexit (internal/child_process.js:211:5)
14 verbose pkgid react-skeleton2@1.0.0
15 verbose cwd /Users/dankreiger/Desktop/react-skeleton2
16 error Darwin 15.2.0
17 error argv "/usr/local/Cellar/node/5.3.0/bin/node" "/usr/local/bin/npm" "start"
18 error node v5.3.0
19 error npm  v3.3.12
20 error file sh
21 error code ELIFECYCLE
22 error errno ENOENT
23 error syscall spawn
24 error react-skeleton2@1.0.0 start: `"watchify src/main.jsx -v -t [babelify --presets [ react ] ] -o public/js/main.js"`
24 error spawn ENOENT
25 error Failed at the react-skeleton2@1.0.0 start script '"watchify src/main.jsx -v -t [babelify --presets [ react ] ] -o public/js/main.js"'.
25 error Make sure you have the latest version of node.js and npm installed.
25 error If you do, this is most likely a problem with the react-skeleton2 package,
25 error not with npm itself.
25 error Tell the author that this fails on your system:
25 error     "watchify src/main.jsx -v -t [babelify --presets [ react ] ] -o public/js/main.js"
25 error You can get their info via:
25 error     npm owner ls react-skeleton2
25 error There is likely additional logging output above.
26 verbose exit [ 1, true ]
